ARM GAS  /var/folders/p7/nwmyw04531jbkqkgv59cx10h0000gn/T//ccaJxfbf.s 			page 1


   1              		.cpu cortex-m4
   2              		.eabi_attribute 27, 1
   3              		.eabi_attribute 28, 1
   4              		.eabi_attribute 20, 1
   5              		.eabi_attribute 21, 1
   6              		.eabi_attribute 23, 3
   7              		.eabi_attribute 24, 1
   8              		.eabi_attribute 25, 1
   9              		.eabi_attribute 26, 1
  10              		.eabi_attribute 30, 1
  11              		.eabi_attribute 34, 1
  12              		.eabi_attribute 18, 4
  13              		.file	"error_handler.c"
  14              		.text
  15              	.Ltext0:
  16              		.cfi_sections	.debug_frame
  17              		.section	.text._Error_Handler,"ax",%progbits
  18              		.align	1
  19              		.global	_Error_Handler
  20              		.syntax unified
  21              		.thumb
  22              		.thumb_func
  23              		.fpu fpv4-sp-d16
  25              	_Error_Handler:
  26              	.LFB0:
  27              		.file 1 "Src/error_handler.c"
   1:Src/error_handler.c **** /**
   2:Src/error_handler.c ****   * @brief  This function is executed in case of error occurrence.
   3:Src/error_handler.c ****   * @param  None
   4:Src/error_handler.c ****   * @retval None
   5:Src/error_handler.c ****   */
   6:Src/error_handler.c **** void _Error_Handler(char * file, int line)
   7:Src/error_handler.c **** {
  28              		.loc 1 7 0
  29              		.cfi_startproc
  30              		@ Volatile: function does not return.
  31              		@ args = 0, pretend = 0, frame = 0
  32              		@ frame_needed = 0, uses_anonymous_args = 0
  33              		@ link register save eliminated.
  34              	.LVL0:
  35              	.L2:
  36 0000 FEE7     		b	.L2
  37              		.cfi_endproc
  38              	.LFE0:
  40              		.text
  41              	.Letext0:
ARM GAS  /var/folders/p7/nwmyw04531jbkqkgv59cx10h0000gn/T//ccaJxfbf.s 			page 2


DEFINED SYMBOLS
                            *ABS*:0000000000000000 error_handler.c
/var/folders/p7/nwmyw04531jbkqkgv59cx10h0000gn/T//ccaJxfbf.s:18     .text._Error_Handler:0000000000000000 $t
/var/folders/p7/nwmyw04531jbkqkgv59cx10h0000gn/T//ccaJxfbf.s:25     .text._Error_Handler:0000000000000000 _Error_Handler
                     .debug_frame:0000000000000010 $d

NO UNDEFINED SYMBOLS
